VirtualBox XPCOM Server 5.0.4_Ubuntu r102546 linux.amd64 (Sep 11 2015 10:36:51) release log
00:00:00.065553 main     Log opened 2015-11-22T01:54:48.264716000Z
00:00:00.065559 main     Build Type: release
00:00:00.065570 main     OS Product: Linux
00:00:00.065573 main     OS Release: 4.2.0-18-generic
00:00:00.065576 main     OS Version: #22-Ubuntu SMP Fri Nov 6 18:25:50 UTC 2015
00:00:00.065678 main     DMI Product Name: Satellite L755
00:00:00.065713 main     DMI Product Version: PSK1WU-1EU04Y
00:00:00.065963 main     Host RAM: 7931MB total, 7522MB available
00:00:00.065973 main     Executable: /usr/lib/virtualbox/VBoxSVC
00:00:00.065975 main     Process ID: 1842
00:00:00.065977 main     Package type: LINUX_64BITS_GENERIC (OSE)
00:00:00.240536 nspr-2   Home directory: '/home/ryan/.config/VirtualBox'
00:00:00.263713 nspr-2   Loading settings file "/home/ryan/.config/VirtualBox/VirtualBox.xml" with version "1.12-linux"
00:00:00.348010 nspr-2   HostDnsMonitor: old information
00:00:00.348063 nspr-2     no server entries
00:00:00.348074 nspr-2     no search string entries
00:00:00.348083 nspr-2     no domain set
00:00:00.348091 nspr-2   HostDnsMonitor: new information
00:00:00.348099 nspr-2     server 1: 127.0.1.1
00:00:00.348110 nspr-2     search string 1: resnet.umn.edu
00:00:00.348118 nspr-2     search string 2: umn.edu
00:00:00.348127 nspr-2     domain: resnet.umn.edu
00:00:00.348144 nspr-2   HostDnsMonitorProxy::notify
00:00:00.353401 nspr-2   Failed to open "/dev/vboxdrvu", errno=13, rc=VERR_VM_DRIVER_NOT_ACCESSIBLE
00:00:00.501575 nspr-2   VD: VDInit finished
00:00:12.091896 Watcher  ERROR [COM]: aRC=E_ACCESSDENIED (0x80070005) aIID={0169423f-46b4-cde9-91af-1e9d5b6cd945} aComponent={VirtualBoxWrap} aText={The object is not ready}, preserve=false aResultDetail=0
